# JRE version: OpenJDK Runtime Environment Temurin-17.0.12+7 (17.0.12+7) (build 17.0.12+7)
# Java VM: OpenJDK 64-Bit Server VM Temurin-17.0.12+7 (17.0.12+7, mixed mode, tiered, compressed oops, compressed class ptrs, parallel gc, windows-amd64)
GC Precious Log:
 CPUs: 16 total, 16 available
 Memory: 31894M
 Large Page Support: Disabled
 NUMA Support: Disabled
 Compressed Oops: Enabled (32-bit)
 Alignments: Space 512K, Generation 512K, Heap 2M
 Heap Min Capacity: 100M
 Heap Initial Capacity: 100M
 Heap Max Capacity: 1G
 Pre-touch: Disabled
 Parallel Workers: 13
Heap:
 PSYoungGen      total 1536K, used 704K [0x00000000eab00000, 0x00000000eae80000, 0x0000000100000000)
  eden space 512K, 0% used [0x00000000eab00000,0x00000000eab00000,0x00000000eab80000)
  from space 1024K, 68% used [0x00000000eab80000,0x00000000eac30000,0x00000000eac80000)
  to   space 1536K, 0% used [0x00000000ead00000,0x00000000ead00000,0x00000000eae80000)
 ParOldGen       total 123904K, used 123093K [0x00000000c0000000, 0x00000000c7900000, 0x00000000eab00000)
  object space 123904K, 99% used [0x00000000c0000000,0x00000000c78354e8,0x00000000c7900000)
 Metaspace       used 93464K, committed 94912K, reserved 1179648K
  class space    used 9662K, committed 10304K, reserved 1048576K
GC Heap History (20 events):
Event: 4916.611 GC heap after
{Heap after GC invocations=2800 (full 39):
 PSYoungGen      total 2560K, used 544K [0x00000000eab00000, 0x00000000eae80000, 0x0000000100000000)
  eden space 1536K, 0% used [0x00000000eab00000,0x00000000eab00000,0x00000000eac80000)
  from space 1024K, 53% used [0x00000000ead80000,0x00000000eae08020,0x00000000eae80000)
  to   space 1024K, 0% used [0x00000000eac80000,0x00000000eac80000,0x00000000ead80000)
 ParOldGen       total 123904K, used 120243K [0x00000000c0000000, 0x00000000c7900000, 0x00000000eab00000)
  object space 123904K, 97% used [0x00000000c0000000,0x00000000c756cf98,0x00000000c7900000)
 Metaspace       used 93460K, committed 94848K, reserved 1179648K
  class space    used 9662K, committed 10304K, reserved 1048576K
}
Event: 4916.711 GC heap before
{Heap before GC invocations=2801 (full 39):
 PSYoungGen      total 2560K, used 2080K [0x00000000eab00000, 0x00000000eae80000, 0x0000000100000000)
  eden space 1536K, 99% used [0x00000000eab00000,0x00000000eac7fff8,0x00000000eac80000)
  from space 1024K, 53% used [0x00000000ead80000,0x00000000eae08020,0x00000000eae80000)
  to   space 1024K, 0% used [0x00000000eac80000,0x00000000eac80000,0x00000000ead80000)
 ParOldGen       total 123904K, used 120243K [0x00000000c0000000, 0x00000000c7900000, 0x00000000eab00000)
  object space 123904K, 97% used [0x00000000c0000000,0x00000000c756cf98,0x00000000c7900000)
 Metaspace       used 93463K, committed 94912K, reserved 1179648K
  class space    used 9662K, committed 10304K, reserved 1048576K
}
Event: 4916.711 GC heap after
{Heap after GC invocations=2801 (full 39):
 PSYoungGen      total 2560K, used 480K [0x00000000eab00000, 0x00000000eae80000, 0x0000000100000000)
  eden space 1536K, 0% used [0x00000000eab00000,0x00000000eab00000,0x00000000eac80000)
  from space 1024K, 46% used [0x00000000eac80000,0x00000000eacf8020,0x00000000ead80000)
  to   space 1024K, 0% used [0x00000000ead80000,0x00000000ead80000,0x00000000eae80000)
 ParOldGen       total 123904K, used 120339K [0x00000000c0000000, 0x00000000c7900000, 0x00000000eab00000)
  object space 123904K, 97% used [0x00000000c0000000,0x00000000c7584f98,0x00000000c7900000)
 Metaspace       used 93463K, committed 94912K, reserved 1179648K
  class space    used 9662K, committed 10304K, reserved 1048576K
}
Event: 4916.712 GC heap before
{Heap before GC invocations=2802 (full 39):
 PSYoungGen      total 2560K, used 2016K [0x00000000eab00000, 0x00000000eae80000, 0x0000000100000000)
  eden space 1536K, 100% used [0x00000000eab00000,0x00000000eac80000,0x00000000eac80000)
  from space 1024K, 46% used [0x00000000eac80000,0x00000000eacf8020,0x00000000ead80000)
  to   space 1024K, 0% used [0x00000000ead80000,0x00000000ead80000,0x00000000eae80000)
 ParOldGen       total 123904K, used 120339K [0x00000000c0000000, 0x00000000c7900000, 0x00000000eab00000)
  object space 123904K, 97% used [0x00000000c0000000,0x00000000c7584f98,0x00000000c7900000)
 Metaspace       used 93463K, committed 94912K, reserved 1179648K
  class space    used 9662K, committed 10304K, reserved 1048576K
}
Event: 4916.713 GC heap after
{Heap after GC invocations=2802 (full 39):
 PSYoungGen      total 2048K, used 352K [0x00000000eab00000, 0x00000000eae00000, 0x0000000100000000)
  eden space 1536K, 0% used [0x00000000eab00000,0x00000000eab00000,0x00000000eac80000)
  from space 512K, 68% used [0x00000000ead80000,0x00000000eadd8000,0x00000000eae00000)
  to   space 512K, 0% used [0x00000000ead00000,0x00000000ead00000,0x00000000ead80000)
 ParOldGen       total 123904K, used 120507K [0x00000000c0000000, 0x00000000c7900000, 0x00000000eab00000)
  object space 123904K, 97% used [0x00000000c0000000,0x00000000c75aefb8,0x00000000c7900000)
 Metaspace       used 93463K, committed 94912K, reserved 1179648K
  class space    used 9662K, committed 10304K, reserved 1048576K
}
Event: 4916.824 GC heap before
{Heap before GC invocations=2803 (full 39):
 PSYoungGen      total 2048K, used 1887K [0x00000000eab00000, 0x00000000eae00000, 0x0000000100000000)
  eden space 1536K, 99% used [0x00000000eab00000,0x00000000eac7fff8,0x00000000eac80000)
  from space 512K, 68% used [0x00000000ead80000,0x00000000eadd8000,0x00000000eae00000)
  to   space 512K, 0% used [0x00000000ead00000,0x00000000ead00000,0x00000000ead80000)
 ParOldGen       total 123904K, used 120507K [0x00000000c0000000, 0x00000000c7900000, 0x00000000eab00000)
  object space 123904K, 97% used [0x00000000c0000000,0x00000000c75aefb8,0x00000000c7900000)
 Metaspace       used 93463K, committed 94912K, reserved 1179648K
  class space    used 9662K, committed 10304K, reserved 1048576K
}
Event: 4916.824 GC heap after
{Heap after GC invocations=2803 (full 39):
 PSYoungGen      total 2048K, used 416K [0x00000000eab00000, 0x00000000eae00000, 0x0000000100000000)
  eden space 1536K, 0% used [0x00000000eab00000,0x00000000eab00000,0x00000000eac80000)
  from space 512K, 81% used [0x00000000ead00000,0x00000000ead68000,0x00000000ead80000)
  to   space 512K, 0% used [0x00000000ead80000,0x00000000ead80000,0x00000000eae00000)
 ParOldGen       total 123904K, used 120539K [0x00000000c0000000, 0x00000000c7900000, 0x00000000eab00000)
  object space 123904K, 97% used [0x00000000c0000000,0x00000000c75b6fb8,0x00000000c7900000)
 Metaspace       used 93463K, committed 94912K, reserved 1179648K
  class space    used 9662K, committed 10304K, reserved 1048576K
}
Event: 4916.826 GC heap before
{Heap before GC invocations=2804 (full 39):
 PSYoungGen      total 2048K, used 1951K [0x00000000eab00000, 0x00000000eae00000, 0x0000000100000000)
  eden space 1536K, 99% used [0x00000000eab00000,0x00000000eac7fff0,0x00000000eac80000)
  from space 512K, 81% used [0x00000000ead00000,0x00000000ead68000,0x00000000ead80000)
  to   space 512K, 0% used [0x00000000ead80000,0x00000000ead80000,0x00000000eae00000)
 ParOldGen       total 123904K, used 120539K [0x00000000c0000000, 0x00000000c7900000, 0x00000000eab00000)
  object space 123904K, 97% used [0x00000000c0000000,0x00000000c75b6fb8,0x00000000c7900000)
 Metaspace       used 93463K, committed 94912K, reserved 1179648K
  class space    used 9662K, committed 10304K, reserved 1048576K
}
Event: 4916.826 GC heap after
{Heap after GC invocations=2804 (full 39):
 PSYoungGen      total 2048K, used 320K [0x00000000eab00000, 0x00000000eae00000, 0x0000000100000000)
  eden space 1536K, 0% used [0x00000000eab00000,0x00000000eab00000,0x00000000eac80000)
  from space 512K, 62% used [0x00000000ead80000,0x00000000eadd0000,0x00000000eae00000)
  to   space 512K, 0% used [0x00000000ead00000,0x00000000ead00000,0x00000000ead80000)
 ParOldGen       total 123904K, used 120643K [0x00000000c0000000, 0x00000000c7900000, 0x00000000eab00000)
  object space 123904K, 97% used [0x00000000c0000000,0x00000000c75d0fb8,0x00000000c7900000)
 Metaspace       used 93463K, committed 94912K, reserved 1179648K
  class space    used 9662K, committed 10304K, reserved 1048576K
}
Event: 4917.555 GC heap before
{Heap before GC invocations=2805 (full 39):
 PSYoungGen      total 2048K, used 1856K [0x00000000eab00000, 0x00000000eae00000, 0x0000000100000000)
  eden space 1536K, 100% used [0x00000000eab00000,0x00000000eac80000,0x00000000eac80000)
  from space 512K, 62% used [0x00000000ead80000,0x00000000eadd0000,0x00000000eae00000)
  to   space 512K, 0% used [0x00000000ead00000,0x00000000ead00000,0x00000000ead80000)
 ParOldGen       total 123904K, used 120643K [0x00000000c0000000, 0x00000000c7900000, 0x00000000eab00000)
  object space 123904K, 97% used [0x00000000c0000000,0x00000000c75d0fb8,0x00000000c7900000)
 Metaspace       used 93464K, committed 94912K, reserved 1179648K
  class space    used 9662K, committed 10304K, reserved 1048576K
}
Event: 4917.555 GC heap after
{Heap after GC invocations=2805 (full 39):
 PSYoungGen      total 2048K, used 384K [0x00000000eab00000, 0x00000000eae00000, 0x0000000100000000)
  eden space 1536K, 0% used [0x00000000eab00000,0x00000000eab00000,0x00000000eac80000)
  from space 512K, 75% used [0x00000000ead00000,0x00000000ead60000,0x00000000ead80000)
  to   space 512K, 0% used [0x00000000ead80000,0x00000000ead80000,0x00000000eae00000)
 ParOldGen       total 123904K, used 120643K [0x00000000c0000000, 0x00000000c7900000, 0x00000000eab00000)
  object space 123904K, 97% used [0x00000000c0000000,0x00000000c75d0fb8,0x00000000c7900000)
 Metaspace       used 93464K, committed 94912K, reserved 1179648K
  class space    used 9662K, committed 10304K, reserved 1048576K
}
Event: 4917.558 GC heap before
{Heap before GC invocations=2806 (full 39):
 PSYoungGen      total 2048K, used 1920K [0x00000000eab00000, 0x00000000eae00000, 0x0000000100000000)
  eden space 1536K, 100% used [0x00000000eab00000,0x00000000eac80000,0x00000000eac80000)
  from space 512K, 75% used [0x00000000ead00000,0x00000000ead60000,0x00000000ead80000)
  to   space 512K, 0% used [0x00000000ead80000,0x00000000ead80000,0x00000000eae00000)
 ParOldGen       total 123904K, used 120643K [0x00000000c0000000, 0x00000000c7900000, 0x00000000eab00000)
  object space 123904K, 97% used [0x00000000c0000000,0x00000000c75d0fb8,0x00000000c7900000)
 Metaspace       used 93464K, committed 94912K, reserved 1179648K
  class space    used 9662K, committed 10304K, reserved 1048576K
}
Event: 4917.558 GC heap after
{Heap after GC invocations=2806 (full 39):
 PSYoungGen      total 2048K, used 480K [0x00000000eab00000, 0x00000000eae80000, 0x0000000100000000)
  eden space 1536K, 0% used [0x00000000eab00000,0x00000000eab00000,0x00000000eac80000)
  from space 512K, 93% used [0x00000000ead80000,0x00000000eadf8020,0x00000000eae00000)
  to   space 1024K, 0% used [0x00000000eac80000,0x00000000eac80000,0x00000000ead80000)
 ParOldGen       total 123904K, used 120811K [0x00000000c0000000, 0x00000000c7900000, 0x00000000eab00000)
  object space 123904K, 97% used [0x00000000c0000000,0x00000000c75fafd8,0x00000000c7900000)
 Metaspace       used 93464K, committed 94912K, reserved 1179648K
  class space    used 9662K, committed 10304K, reserved 1048576K
}
Event: 4917.996 GC heap before
{Heap before GC invocations=2807 (full 39):
 PSYoungGen      total 2048K, used 2016K [0x00000000eab00000, 0x00000000eae80000, 0x0000000100000000)
  eden space 1536K, 100% used [0x00000000eab00000,0x00000000eac80000,0x00000000eac80000)
  from space 512K, 93% used [0x00000000ead80000,0x00000000eadf8020,0x00000000eae00000)
  to   space 1024K, 0% used [0x00000000eac80000,0x00000000eac80000,0x00000000ead80000)
 ParOldGen       total 123904K, used 120811K [0x00000000c0000000, 0x00000000c7900000, 0x00000000eab00000)
  object space 123904K, 97% used [0x00000000c0000000,0x00000000c75fafd8,0x00000000c7900000)
 Metaspace       used 93464K, committed 94912K, reserved 1179648K
  class space    used 9662K, committed 10304K, reserved 1048576K
}
Event: 4917.996 GC heap after
{Heap after GC invocations=2807 (full 39):
 PSYoungGen      total 2560K, used 608K [0x00000000eab00000, 0x00000000eae80000, 0x0000000100000000)
  eden space 1536K, 0% used [0x00000000eab00000,0x00000000eab00000,0x00000000eac80000)
  from space 1024K, 59% used [0x00000000eac80000,0x00000000ead18020,0x00000000ead80000)
  to   space 1024K, 0% used [0x00000000ead80000,0x00000000ead80000,0x00000000eae80000)
 ParOldGen       total 123904K, used 121281K [0x00000000c0000000, 0x00000000c7900000, 0x00000000eab00000)
  object space 123904K, 97% used [0x00000000c0000000,0x00000000c7670478,0x00000000c7900000)
 Metaspace       used 93464K, committed 94912K, reserved 1179648K
  class space    used 9662K, committed 10304K, reserved 1048576K
}
Event: 4917.998 GC heap before
{Heap before GC invocations=2808 (full 39):
 PSYoungGen      total 2560K, used 2144K [0x00000000eab00000, 0x00000000eae80000, 0x0000000100000000)
  eden space 1536K, 100% used [0x00000000eab00000,0x00000000eac80000,0x00000000eac80000)
  from space 1024K, 59% used [0x00000000eac80000,0x00000000ead18020,0x00000000ead80000)
  to   space 1024K, 0% used [0x00000000ead80000,0x00000000ead80000,0x00000000eae80000)
 ParOldGen       total 123904K, used 121281K [0x00000000c0000000, 0x00000000c7900000, 0x00000000eab00000)
  object space 123904K, 97% used [0x00000000c0000000,0x00000000c7670478,0x00000000c7900000)
 Metaspace       used 93464K, committed 94912K, reserved 1179648K
  class space    used 9662K, committed 10304K, reserved 1048576K
}
Event: 4917.999 GC heap after
{Heap after GC invocations=2808 (full 39):
 PSYoungGen      total 1536K, used 1005K [0x00000000eab00000, 0x00000000eb080000, 0x0000000100000000)
  eden space 512K, 0% used [0x00000000eab00000,0x00000000eab00000,0x00000000eab80000)
  from space 1024K, 98% used [0x00000000ead80000,0x00000000eae7b610,0x00000000eae80000)
  to   space 2048K, 0% used [0x00000000eab80000,0x00000000eab80000,0x00000000ead80000)
 ParOldGen       total 123904K, used 122031K [0x00000000c0000000, 0x00000000c7900000, 0x00000000eab00000)
  object space 123904K, 98% used [0x00000000c0000000,0x00000000c772bed8,0x00000000c7900000)
 Metaspace       used 93464K, committed 94912K, reserved 1179648K
  class space    used 9662K, committed 10304K, reserved 1048576K
}
Event: 4917.999 GC heap before
{Heap before GC invocations=2809 (full 39):
 PSYoungGen      total 1536K, used 1517K [0x00000000eab00000, 0x00000000eb080000, 0x0000000100000000)
  eden space 512K, 99% used [0x00000000eab00000,0x00000000eab7ffb8,0x00000000eab80000)
  from space 1024K, 98% used [0x00000000ead80000,0x00000000eae7b610,0x00000000eae80000)
  to   space 2048K, 0% used [0x00000000eab80000,0x00000000eab80000,0x00000000ead80000)
 ParOldGen       total 123904K, used 122031K [0x00000000c0000000, 0x00000000c7900000, 0x00000000eab00000)
  object space 123904K, 98% used [0x00000000c0000000,0x00000000c772bed8,0x00000000c7900000)
 Metaspace       used 93464K, committed 94912K, reserved 1179648K
  class space    used 9662K, committed 10304K, reserved 1048576K
}
Event: 4918.000 GC heap after
{Heap after GC invocations=2809 (full 39):
 PSYoungGen      total 1536K, used 704K [0x00000000eab00000, 0x00000000eae80000, 0x0000000100000000)
  eden space 512K, 0% used [0x00000000eab00000,0x00000000eab00000,0x00000000eab80000)
  from space 1024K, 68% used [0x00000000eab80000,0x00000000eac30000,0x00000000eac80000)
  to   space 1536K, 0% used [0x00000000ead00000,0x00000000ead00000,0x00000000eae80000)
 ParOldGen       total 123904K, used 123093K [0x00000000c0000000, 0x00000000c7900000, 0x00000000eab00000)
  object space 123904K, 99% used [0x00000000c0000000,0x00000000c78354e8,0x00000000c7900000)
 Metaspace       used 93464K, committed 94912K, reserved 1179648K
  class space    used 9662K, committed 10304K, reserved 1048576K
}
Event: 4918.000 GC heap before
{Heap before GC invocations=2810 (full 40):
 PSYoungGen      total 1536K, used 704K [0x00000000eab00000, 0x00000000eae80000, 0x0000000100000000)
  eden space 512K, 0% used [0x00000000eab00000,0x00000000eab00000,0x00000000eab80000)
  from space 1024K, 68% used [0x00000000eab80000,0x00000000eac30000,0x00000000eac80000)
  to   space 1536K, 0% used [0x00000000ead00000,0x00000000ead00000,0x00000000eae80000)
 ParOldGen       total 123904K, used 123093K [0x00000000c0000000, 0x00000000c7900000, 0x00000000eab00000)
  object space 123904K, 99% used [0x00000000c0000000,0x00000000c78354e8,0x00000000c7900000)
 Metaspace       used 93464K, committed 94912K, reserved 1179648K
  class space    used 9662K, committed 10304K, reserved 1048576K
}

